  unity_1Y2S3S37G5ZNIYPK.cpp
C:\Users\digh2\source\repos\WinApiLecture\Client\struct.h(19): warning C4244: 'return': 'double'에서 'float'(으)로 변환하면서 데이터가 손실될 수 있습니다.
  C:\Program Files (x86)\Windows Kits\10\Include\10.0.17763.0\um\dinput.h: DIRECTINPUT_VERSION undefined. Defaulting to version 0x0800
C:\Users\digh2\source\repos\WinApiLecture\Client\BossMonster.h(51): warning C4244: '=': 'int'에서 'float'(으)로 변환하면서 데이터가 손실될 수 있습니다.
C:\Users\digh2\source\repos\WinApiLecture\Client\HpBarUI.cpp(41): warning C4244: '=': 'float'에서 'int'(으)로 변환하면서 데이터가 손실될 수 있습니다.
C:\Users\digh2\source\repos\WinApiLecture\Client\HpBarUI.cpp(88): warning C4244: '인수': 'float'에서 'int'(으)로 변환하면서 데이터가 손실될 수 있습니다.
C:\Users\digh2\source\repos\WinApiLecture\Client\HpBarUI.cpp(87): warning C4244: '인수': 'float'에서 'int'(으)로 변환하면서 데이터가 손실될 수 있습니다.
C:\Users\digh2\source\repos\WinApiLecture\Client\HpBarUI.cpp(81): warning C4244: '인수': 'float'에서 'int'(으)로 변환하면서 데이터가 손실될 수 있습니다.
C:\Users\digh2\source\repos\WinApiLecture\Client\HpBarUI.cpp(80): warning C4244: '인수': 'float'에서 'int'(으)로 변환하면서 데이터가 손실될 수 있습니다.
C:\Users\digh2\source\repos\WinApiLecture\Client\HpBarUI.cpp(105): warning C4244: '인수': 'float'에서 'int'(으)로 변환하면서 데이터가 손실될 수 있습니다.
C:\Users\digh2\source\repos\WinApiLecture\Client\HpBarUI.cpp(104): warning C4244: '인수': 'float'에서 'int'(으)로 변환하면서 데이터가 손실될 수 있습니다.
C:\Users\digh2\source\repos\WinApiLecture\Client\HpBarUI.cpp(98): warning C4244: '인수': 'float'에서 'int'(으)로 변환하면서 데이터가 손실될 수 있습니다.
C:\Users\digh2\source\repos\WinApiLecture\Client\HpBarUI.cpp(97): warning C4244: '인수': 'float'에서 'int'(으)로 변환하면서 데이터가 손실될 수 있습니다.
C:\Users\digh2\source\repos\WinApiLecture\Client\FixedUI.cpp(163): warning C4267: '인수': 'size_t'에서 'int'(으)로 변환하면서 데이터가 손실될 수 있습니다.
C:\Users\digh2\source\repos\WinApiLecture\Client\FixedUI.cpp(218): warning C4267: '인수': 'size_t'에서 'int'(으)로 변환하면서 데이터가 손실될 수 있습니다.
C:\Users\digh2\source\repos\WinApiLecture\Client\FixedUI.cpp(264): warning C4838: 'float'에서 'LONG'(으)로의 변환에는 축소 변환이 필요합니다.
C:\Users\digh2\source\repos\WinApiLecture\Client\FixedUI.cpp(260): warning C4244: '초기화 중': 'float'에서 'LONG'(으)로 변환하면서 데이터가 손실될 수 있습니다.
C:\Users\digh2\source\repos\WinApiLecture\Client\FixedUI.cpp(261): warning C4244: '초기화 중': 'float'에서 'LONG'(으)로 변환하면서 데이터가 손실될 수 있습니다.
C:\Users\digh2\source\repos\WinApiLecture\Client\FixedUI.cpp(262): warning C4244: '초기화 중': 'float'에서 'LONG'(으)로 변환하면서 데이터가 손실될 수 있습니다.
C:\Users\digh2\source\repos\WinApiLecture\Client\FixedUI.cpp(263): warning C4244: '초기화 중': 'float'에서 'LONG'(으)로 변환하면서 데이터가 손실될 수 있습니다.
C:\Users\digh2\source\repos\WinApiLecture\Client\FixedUI.cpp(271): warning C4267: '인수': 'size_t'에서 'int'(으)로 변환하면서 데이터가 손실될 수 있습니다.
C:\Users\digh2\source\repos\WinApiLecture\Client\FixedUI.cpp(317): warning C4838: 'float'에서 'LONG'(으)로의 변환에는 축소 변환이 필요합니다.
C:\Users\digh2\source\repos\WinApiLecture\Client\FixedUI.cpp(313): warning C4244: '초기화 중': 'float'에서 'LONG'(으)로 변환하면서 데이터가 손실될 수 있습니다.
C:\Users\digh2\source\repos\WinApiLecture\Client\FixedUI.cpp(314): warning C4244: '초기화 중': 'float'에서 'LONG'(으)로 변환하면서 데이터가 손실될 수 있습니다.
C:\Users\digh2\source\repos\WinApiLecture\Client\FixedUI.cpp(315): warning C4244: '초기화 중': 'float'에서 'LONG'(으)로 변환하면서 데이터가 손실될 수 있습니다.
C:\Users\digh2\source\repos\WinApiLecture\Client\FixedUI.cpp(316): warning C4244: '초기화 중': 'float'에서 'LONG'(으)로 변환하면서 데이터가 손실될 수 있습니다.
C:\Users\digh2\source\repos\WinApiLecture\Client\FixedUI.cpp(324): warning C4267: '인수': 'size_t'에서 'int'(으)로 변환하면서 데이터가 손실될 수 있습니다.
C:\Users\digh2\source\repos\WinApiLecture\Client\FixedUI.cpp(370): warning C4838: 'float'에서 'LONG'(으)로의 변환에는 축소 변환이 필요합니다.
C:\Users\digh2\source\repos\WinApiLecture\Client\FixedUI.cpp(366): warning C4244: '초기화 중': 'float'에서 'LONG'(으)로 변환하면서 데이터가 손실될 수 있습니다.
C:\Users\digh2\source\repos\WinApiLecture\Client\FixedUI.cpp(367): warning C4244: '초기화 중': 'float'에서 'LONG'(으)로 변환하면서 데이터가 손실될 수 있습니다.
C:\Users\digh2\source\repos\WinApiLecture\Client\FixedUI.cpp(368): warning C4244: '초기화 중': 'float'에서 'LONG'(으)로 변환하면서 데이터가 손실될 수 있습니다.
C:\Users\digh2\source\repos\WinApiLecture\Client\FixedUI.cpp(369): warning C4244: '초기화 중': 'float'에서 'LONG'(으)로 변환하면서 데이터가 손실될 수 있습니다.
C:\Users\digh2\source\repos\WinApiLecture\Client\FixedUI.cpp(377): warning C4267: '인수': 'size_t'에서 'int'(으)로 변환하면서 데이터가 손실될 수 있습니다.
C:\Users\digh2\source\repos\WinApiLecture\Client\FixedUI.cpp(423): warning C4838: 'float'에서 'LONG'(으)로의 변환에는 축소 변환이 필요합니다.
C:\Users\digh2\source\repos\WinApiLecture\Client\FixedUI.cpp(419): warning C4244: '초기화 중': 'float'에서 'LONG'(으)로 변환하면서 데이터가 손실될 수 있습니다.
C:\Users\digh2\source\repos\WinApiLecture\Client\FixedUI.cpp(420): warning C4244: '초기화 중': 'float'에서 'LONG'(으)로 변환하면서 데이터가 손실될 수 있습니다.
C:\Users\digh2\source\repos\WinApiLecture\Client\FixedUI.cpp(421): warning C4244: '초기화 중': 'float'에서 'LONG'(으)로 변환하면서 데이터가 손실될 수 있습니다.
C:\Users\digh2\source\repos\WinApiLecture\Client\FixedUI.cpp(422): warning C4244: '초기화 중': 'float'에서 'LONG'(으)로 변환하면서 데이터가 손실될 수 있습니다.
C:\Users\digh2\source\repos\WinApiLecture\Client\FixedUI.cpp(430): warning C4267: '인수': 'size_t'에서 'int'(으)로 변환하면서 데이터가 손실될 수 있습니다.
C:\Users\digh2\source\repos\WinApiLecture\Client\FixedUI.cpp(457): warning C4244: '인수': 'float'에서 'int'(으)로 변환하면서 데이터가 손실될 수 있습니다.
C:\Users\digh2\source\repos\WinApiLecture\Client\FixedUI.cpp(456): warning C4244: '인수': 'float'에서 'int'(으)로 변환하면서 데이터가 손실될 수 있습니다.
C:\Users\digh2\source\repos\WinApiLecture\Client\FixedUI.cpp(450): warning C4244: '인수': 'float'에서 'int'(으)로 변환하면서 데이터가 손실될 수 있습니다.
C:\Users\digh2\source\repos\WinApiLecture\Client\FixedUI.cpp(449): warning C4244: '인수': 'float'에서 'int'(으)로 변환하면서 데이터가 손실될 수 있습니다.
C:\Users\digh2\source\repos\WinApiLecture\Client\FIexedTextUI.cpp(63): warning C4838: 'float'에서 'LONG'(으)로의 변환에는 축소 변환이 필요합니다.
C:\Users\digh2\source\repos\WinApiLecture\Client\FIexedTextUI.cpp(59): warning C4244: '초기화 중': 'float'에서 'LONG'(으)로 변환하면서 데이터가 손실될 수 있습니다.
C:\Users\digh2\source\repos\WinApiLecture\Client\FIexedTextUI.cpp(60): warning C4244: '초기화 중': 'float'에서 'LONG'(으)로 변환하면서 데이터가 손실될 수 있습니다.
C:\Users\digh2\source\repos\WinApiLecture\Client\FIexedTextUI.cpp(61): warning C4244: '초기화 중': 'float'에서 'LONG'(으)로 변환하면서 데이터가 손실될 수 있습니다.
C:\Users\digh2\source\repos\WinApiLecture\Client\FIexedTextUI.cpp(62): warning C4244: '초기화 중': 'float'에서 'LONG'(으)로 변환하면서 데이터가 손실될 수 있습니다.
C:\Users\digh2\source\repos\WinApiLecture\Client\FIexedTextUI.cpp(72): warning C4267: '인수': 'size_t'에서 'int'(으)로 변환하면서 데이터가 손실될 수 있습니다.
C:\Users\digh2\source\repos\WinApiLecture\Client\FIexedTextUI.cpp(94): warning C4267: '인수': 'size_t'에서 'int'(으)로 변환하면서 데이터가 손실될 수 있습니다.
C:\Users\digh2\source\repos\WinApiLecture\Client\Map.cpp(49): warning C4244: '인수': 'float'에서 'int'(으)로 변환하면서 데이터가 손실될 수 있습니다.
C:\Users\digh2\source\repos\WinApiLecture\Client\Map.cpp(48): warning C4244: '인수': 'float'에서 'int'(으)로 변환하면서 데이터가 손실될 수 있습니다.
C:\Users\digh2\source\repos\WinApiLecture\Client\Map.cpp(44): warning C4244: '인수': 'float'에서 'int'(으)로 변환하면서 데이터가 손실될 수 있습니다.
C:\Users\digh2\source\repos\WinApiLecture\Client\Map.cpp(43): warning C4244: '인수': 'float'에서 'int'(으)로 변환하면서 데이터가 손실될 수 있습니다.
C:\Users\digh2\source\repos\WinApiLecture\Client\Map.cpp(42): warning C4244: '인수': 'float'에서 'int'(으)로 변환하면서 데이터가 손실될 수 있습니다.
C:\Users\digh2\source\repos\WinApiLecture\Client\Map.cpp(41): warning C4244: '인수': 'float'에서 'int'(으)로 변환하면서 데이터가 손실될 수 있습니다.
  Client.vcxproj -> C:\Users\digh2\source\repos\WinApiLecture\Output\bin_debug\Client.exe
