c:\users\digh2\source\repos\winapilecture\client\x64\debug\unity_99q1o3uhtwm72196.obj
c:\users\digh2\source\repos\winapilecture\client\x64\debug\unity_yegsn1uu390jndpm.obj
c:\users\digh2\source\repos\winapilecture\client\x64\debug\unity_yvk2r6opwox9yl7g.obj
c:\users\digh2\source\repos\winapilecture\client\x64\debug\unity_u9a95mrlk1vbh8m3.obj
c:\users\digh2\source\repos\winapilecture\client\x64\debug\unity_j9xd3fgem6jfd0dr.obj
c:\users\digh2\source\repos\winapilecture\client\x64\debug\vc142.pdb
c:\users\digh2\source\repos\winapilecture\output\bin_debug\client.ilk
c:\users\digh2\source\repos\winapilecture\output\bin_debug\client.exe
c:\users\digh2\source\repos\winapilecture\output\bin_debug\client.pdb
c:\users\digh2\source\repos\winapilecture\client\x64\debug\client.res
c:\users\digh2\source\repos\winapilecture\client\x64\debug\vc142.idb
c:\users\digh2\source\repos\winapilecture\client\x64\debug\client.tlog\cl.command.1.tlog
c:\users\digh2\source\repos\winapilecture\client\x64\debug\client.tlog\cl.read.1.tlog
c:\users\digh2\source\repos\winapilecture\client\x64\debug\client.tlog\cl.write.1.tlog
c:\users\digh2\source\repos\winapilecture\client\x64\debug\client.tlog\link.command.1.tlog
c:\users\digh2\source\repos\winapilecture\client\x64\debug\client.tlog\link.read.1.tlog
c:\users\digh2\source\repos\winapilecture\client\x64\debug\client.tlog\link.write.1.tlog
c:\users\digh2\source\repos\winapilecture\client\x64\debug\client.tlog\rc.command.1.tlog
c:\users\digh2\source\repos\winapilecture\client\x64\debug\client.tlog\rc.read.1.tlog
c:\users\digh2\source\repos\winapilecture\client\x64\debug\client.tlog\rc.write.1.tlog
